<?xml version="1.0" encoding="UTF-8"?>
<testsuite xmlns:xsi="http://www.w3.org/2001/XMLSchema-instance" xsi:noNamespaceSchemaLocation="https://maven.apache.org/surefire/maven-surefire-plugin/xsd/surefire-test-report-3.0.xsd" version="3.0" name="com.udacity.catpoint.AppTest" time="0.015" tests="1" errors="0" skipped="0" failures="0">
  <properties>
    <property name="java.specification.version" value="16"/>
    <property name="sun.cpu.isalist" value="amd64"/>
    <property name="sun.jnu.encoding" value="Cp1252"/>
    <property name="java.class.path" value="C:\Users\yacha\OneDrive\Education\Schools\Udacity\Intro to Java\nd079-c3-java-application-deployment-projectstarter\starter\catpoint-parent\ImageService_Module\target\test-classes;C:\Users\yacha\.m2\repository\software\amazon\awssdk\annotations\2.17.61\annotations-2.17.61.jar;C:\Users\yacha\.m2\repository\software\amazon\awssdk\utils\2.17.61\utils-2.17.61.jar;C:\Users\yacha\.m2\repository\org\reactivestreams\reactive-streams\1.0.3\reactive-streams-1.0.3.jar;C:\Users\yacha\.m2\repository\software\amazon\awssdk\profiles\2.17.61\profiles-2.17.61.jar;C:\Users\yacha\.m2\repository\software\amazon\awssdk\http-client-spi\2.17.61\http-client-spi-2.17.61.jar;C:\Users\yacha\.m2\repository\software\amazon\awssdk\json-utils\2.17.61\json-utils-2.17.61.jar;C:\Users\yacha\.m2\repository\software\amazon\awssdk\third-party-jackson-core\2.17.61\third-party-jackson-core-2.17.61.jar;C:\Users\yacha\.m2\repository\software\amazon\eventstream\eventstream\1.0.1\eventstream-1.0.1.jar;C:\Users\yacha\.m2\repository\software\amazon\awssdk\aws-json-protocol\2.17.65\aws-json-protocol-2.17.65.jar;C:\Users\yacha\.m2\repository\software\amazon\awssdk\protocol-core\2.17.65\protocol-core-2.17.65.jar;C:\Users\yacha\.m2\repository\software\amazon\awssdk\aws-core\2.17.65\aws-core-2.17.65.jar;C:\Users\yacha\.m2\repository\software\amazon\awssdk\metrics-spi\2.17.65\metrics-spi-2.17.65.jar;C:\Users\yacha\.m2\repository\software\amazon\awssdk\apache-client\2.17.65\apache-client-2.17.65.jar;C:\Users\yacha\.m2\repository\org\apache\httpcomponents\httpclient\4.5.13\httpclient-4.5.13.jar;C:\Users\yacha\.m2\repository\commons-logging\commons-logging\1.2\commons-logging-1.2.jar;C:\Users\yacha\.m2\repository\org\apache\httpcomponents\httpcore\4.4.11\httpcore-4.4.11.jar;C:\Users\yacha\.m2\repository\software\amazon\awssdk\netty-nio-client\2.17.65\netty-nio-client-2.17.65.jar;C:\Users\yacha\.m2\repository\io\netty\netty-codec-http\4.1.68.Final\netty-codec-http-4.1.68.Final.jar;C:\Users\yacha\.m2\repository\io\netty\netty-codec-http2\4.1.68.Final\netty-codec-http2-4.1.68.Final.jar;C:\Users\yacha\.m2\repository\io\netty\netty-codec\4.1.68.Final\netty-codec-4.1.68.Final.jar;C:\Users\yacha\.m2\repository\io\netty\netty-transport\4.1.68.Final\netty-transport-4.1.68.Final.jar;C:\Users\yacha\.m2\repository\io\netty\netty-resolver\4.1.68.Final\netty-resolver-4.1.68.Final.jar;C:\Users\yacha\.m2\repository\io\netty\netty-common\4.1.68.Final\netty-common-4.1.68.Final.jar;C:\Users\yacha\.m2\repository\io\netty\netty-buffer\4.1.68.Final\netty-buffer-4.1.68.Final.jar;C:\Users\yacha\.m2\repository\io\netty\netty-handler\4.1.68.Final\netty-handler-4.1.68.Final.jar;C:\Users\yacha\.m2\repository\io\netty\netty-transport-native-epoll\4.1.68.Final\netty-transport-native-epoll-4.1.68.Final-linux-x86_64.jar;C:\Users\yacha\.m2\repository\io\netty\netty-transport-native-unix-common\4.1.68.Final\netty-transport-native-unix-common-4.1.68.Final.jar;C:\Users\yacha\.m2\repository\com\typesafe\netty\netty-reactive-streams-http\2.0.5\netty-reactive-streams-http-2.0.5.jar;C:\Users\yacha\.m2\repository\com\typesafe\netty\netty-reactive-streams\2.0.5\netty-reactive-streams-2.0.5.jar;C:\Users\yacha\.m2\repository\org\junit\jupiter\junit-jupiter-params\5.8.1\junit-jupiter-params-5.8.1.jar;C:\Users\yacha\.m2\repository\org\apiguardian\apiguardian-api\1.1.2\apiguardian-api-1.1.2.jar;C:\Users\yacha\.m2\repository\org\junit\jupiter\junit-jupiter-api\5.8.1\junit-jupiter-api-5.8.1.jar;C:\Users\yacha\.m2\repository\org\opentest4j\opentest4j\1.2.0\opentest4j-1.2.0.jar;C:\Users\yacha\.m2\repository\org\junit\platform\junit-platform-commons\1.8.1\junit-platform-commons-1.8.1.jar;C:\Users\yacha\.m2\repository\org\junit\jupiter\junit-jupiter-engine\5.8.1\junit-jupiter-engine-5.8.1.jar;C:\Users\yacha\.m2\repository\org\junit\platform\junit-platform-engine\1.8.1\junit-platform-engine-1.8.1.jar;C:\Users\yacha\.m2\repository\org\mockito\mockito-junit-jupiter\4.0.0\mockito-junit-jupiter-4.0.0.jar;C:\Users\yacha\.m2\repository\org\mockito\mockito-core\4.0.0\mockito-core-4.0.0.jar;C:\Users\yacha\.m2\repository\net\bytebuddy\byte-buddy\1.11.19\byte-buddy-1.11.19.jar;C:\Users\yacha\.m2\repository\net\bytebuddy\byte-buddy-agent\1.11.19\byte-buddy-agent-1.11.19.jar;C:\Users\yacha\.m2\repository\org\objenesis\objenesis\3.2\objenesis-3.2.jar;C:\Users\yacha\.m2\repository\org\mockito\mockito-inline\4.0.0\mockito-inline-4.0.0.jar;C:\Users\yacha\.m2\repository\com\github\spotbugs\spotbugs-maven-plugin\4.4.2.1\spotbugs-maven-plugin-4.4.2.1.jar;C:\Users\yacha\.m2\repository\com\github\spotbugs\spotbugs\4.4.2\spotbugs-4.4.2.jar;C:\Users\yacha\.m2\repository\org\apache\bcel\bcel\6.5.0\bcel-6.5.0.jar;C:\Users\yacha\.m2\repository\net\jcip\jcip-annotations\1.0\jcip-annotations-1.0.jar;C:\Users\yacha\.m2\repository\org\dom4j\dom4j\2.1.3\dom4j-2.1.3.jar;C:\Users\yacha\.m2\repository\org\apache\commons\commons-text\1.9\commons-text-1.9.jar;C:\Users\yacha\.m2\repository\com\github\spotbugs\spotbugs-annotations\4.4.2\spotbugs-annotations-4.4.2.jar;C:\Users\yacha\.m2\repository\com\google\code\findbugs\jsr305\3.0.2\jsr305-3.0.2.jar;C:\Users\yacha\.m2\repository\com\google\code\gson\gson\2.8.8\gson-2.8.8.jar;C:\Users\yacha\.m2\repository\jaxen\jaxen\1.2.0\jaxen-1.2.0.jar;C:\Users\yacha\.m2\repository\net\sf\saxon\Saxon-HE\10.6\Saxon-HE-10.6.jar;C:\Users\yacha\.m2\repository\org\slf4j\jcl-over-slf4j\2.0.0-alpha5\jcl-over-slf4j-2.0.0-alpha5.jar;C:\Users\yacha\.m2\repository\org\slf4j\slf4j-simple\2.0.0-alpha5\slf4j-simple-2.0.0-alpha5.jar;C:\Users\yacha\.m2\repository\org\apache\ant\ant\1.10.11\ant-1.10.11.jar;C:\Users\yacha\.m2\repository\org\apache\ant\ant-launcher\1.10.11\ant-launcher-1.10.11.jar;C:\Users\yacha\.m2\repository\org\codehaus\groovy\groovy\3.0.9\groovy-3.0.9-indy.jar;C:\Users\yacha\.m2\repository\org\codehaus\groovy\groovy-ant\3.0.9\groovy-ant-3.0.9-indy.jar;C:\Users\yacha\.m2\repository\org\codehaus\groovy\groovy-dateutil\3.0.9\groovy-dateutil-3.0.9-indy.jar;C:\Users\yacha\.m2\repository\org\codehaus\groovy\groovy-docgenerator\3.0.9\groovy-docgenerator-3.0.9-indy.jar;C:\Users\yacha\.m2\repository\com\thoughtworks\qdox\qdox\1.12.1\qdox-1.12.1.jar;C:\Users\yacha\.m2\repository\org\codehaus\groovy\groovy-groovydoc\3.0.9\groovy-groovydoc-3.0.9-indy.jar;C:\Users\yacha\.m2\repository\com\github\javaparser\javaparser-core\3.23.0\javaparser-core-3.23.0.jar;C:\Users\yacha\.m2\repository\org\codehaus\groovy\groovy-templates\3.0.9\groovy-templates-3.0.9-indy.jar;C:\Users\yacha\.m2\repository\org\codehaus\groovy\groovy-xml\3.0.9\groovy-xml-3.0.9-indy.jar;C:\Users\yacha\.m2\repository\org\codehaus\groovy\groovy-json\3.0.9\groovy-json-3.0.9-indy.jar;C:\Users\yacha\.m2\repository\org\apache\maven\reporting\maven-reporting-impl\3.0.0\maven-reporting-impl-3.0.0.jar;C:\Users\yacha\.m2\repository\org\apache\maven\reporting\maven-reporting-api\3.0\maven-reporting-api-3.0.jar;C:\Users\yacha\.m2\repository\org\apache\maven\maven-plugin-api\3.8.3\maven-plugin-api-3.8.3.jar;C:\Users\yacha\.m2\repository\org\apache\maven\maven-model\3.8.3\maven-model-3.8.3.jar;C:\Users\yacha\.m2\repository\org\eclipse\sisu\org.eclipse.sisu.plexus\0.3.5\org.eclipse.sisu.plexus-0.3.5.jar;C:\Users\yacha\.m2\repository\javax\annotation\javax.annotation-api\1.2\javax.annotation-api-1.2.jar;C:\Users\yacha\.m2\repository\org\codehaus\plexus\plexus-classworlds\2.6.0\plexus-classworlds-2.6.0.jar;C:\Users\yacha\.m2\repository\org\apache\maven\maven-artifact\3.8.3\maven-artifact-3.8.3.jar;C:\Users\yacha\.m2\repository\org\apache\maven\shared\maven-artifact-transfer\0.13.1\maven-artifact-transfer-0.13.1.jar;C:\Users\yacha\.m2\repository\org\codehaus\plexus\plexus-component-annotations\2.0.0\plexus-component-annotations-2.0.0.jar;C:\Users\yacha\.m2\repository\org\apache\maven\shared\maven-common-artifact-filters\3.2.0\maven-common-artifact-filters-3.2.0.jar;C:\Users\yacha\.m2\repository\org\eclipse\aether\aether-api\0.9.0.M2\aether-api-0.9.0.M2.jar;C:\Users\yacha\.m2\repository\org\eclipse\aether\aether-util\0.9.0.M2\aether-util-0.9.0.M2.jar;C:\Users\yacha\.m2\repository\org\apache\maven\maven-core\3.8.3\maven-core-3.8.3.jar;C:\Users\yacha\.m2\repository\org\apache\maven\maven-settings\3.8.3\maven-settings-3.8.3.jar;C:\Users\yacha\.m2\repository\org\apache\maven\maven-settings-builder\3.8.3\maven-settings-builder-3.8.3.jar;C:\Users\yacha\.m2\repository\org\codehaus\plexus\plexus-sec-dispatcher\2.0\plexus-sec-dispatcher-2.0.jar;C:\Users\yacha\.m2\repository\org\codehaus\plexus\plexus-cipher\2.0\plexus-cipher-2.0.jar;C:\Users\yacha\.m2\repository\org\apache\maven\maven-builder-support\3.8.3\maven-builder-support-3.8.3.jar;C:\Users\yacha\.m2\repository\org\apache\maven\maven-repository-metadata\3.8.3\maven-repository-metadata-3.8.3.jar;C:\Users\yacha\.m2\repository\org\apache\maven\maven-model-builder\3.8.3\maven-model-builder-3.8.3.jar;C:\Users\yacha\.m2\repository\org\apache\maven\maven-resolver-provider\3.8.3\maven-resolver-provider-3.8.3.jar;C:\Users\yacha\.m2\repository\org\apache\maven\resolver\maven-resolver-impl\1.6.3\maven-resolver-impl-1.6.3.jar;C:\Users\yacha\.m2\repository\org\apache\maven\resolver\maven-resolver-api\1.6.3\maven-resolver-api-1.6.3.jar;C:\Users\yacha\.m2\repository\org\apache\maven\resolver\maven-resolver-spi\1.6.3\maven-resolver-spi-1.6.3.jar;C:\Users\yacha\.m2\repository\org\apache\maven\resolver\maven-resolver-util\1.6.3\maven-resolver-util-1.6.3.jar;C:\Users\yacha\.m2\repository\org\eclipse\sisu\org.eclipse.sisu.inject\0.3.5\org.eclipse.sisu.inject-0.3.5.jar;C:\Users\yacha\.m2\repository\com\google\inject\guice\4.2.2\guice-4.2.2-no_aop.jar;C:\Users\yacha\.m2\repository\aopalliance\aopalliance\1.0\aopalliance-1.0.jar;C:\Users\yacha\.m2\repository\com\google\guava\guava\25.1-android\guava-25.1-android.jar;C:\Users\yacha\.m2\repository\org\checkerframework\checker-compat-qual\2.0.0\checker-compat-qual-2.0.0.jar;C:\Users\yacha\.m2\repository\com\google\errorprone\error_prone_annotations\2.1.3\error_prone_annotations-2.1.3.jar;C:\Users\yacha\.m2\repository\com\google\j2objc\j2objc-annotations\1.1\j2objc-annotations-1.1.jar;C:\Users\yacha\.m2\repository\org\codehaus\mojo\animal-sniffer-annotations\1.14\animal-sniffer-annotations-1.14.jar;C:\Users\yacha\.m2\repository\javax\inject\javax.inject\1\javax.inject-1.jar;C:\Users\yacha\.m2\repository\org\codehaus\plexus\plexus-interpolation\1.26\plexus-interpolation-1.26.jar;C:\Users\yacha\.m2\repository\org\apache\maven\shared\maven-shared-utils\3.3.4\maven-shared-utils-3.3.4.jar;C:\Users\yacha\.m2\repository\org\apache\maven\doxia\doxia-core\1.10\doxia-core-1.10.jar;C:\Users\yacha\.m2\repository\org\apache\maven\doxia\doxia-logging-api\1.10\doxia-logging-api-1.10.jar;C:\Users\yacha\.m2\repository\org\apache\maven\doxia\doxia-sink-api\1.10\doxia-sink-api-1.10.jar;C:\Users\yacha\.m2\repository\org\apache\maven\doxia\doxia-decoration-model\1.10\doxia-decoration-model-1.10.jar;C:\Users\yacha\.m2\repository\org\apache\maven\doxia\doxia-site-renderer\1.10\doxia-site-renderer-1.10.jar;C:\Users\yacha\.m2\repository\org\apache\maven\doxia\doxia-skin-model\1.10\doxia-skin-model-1.10.jar;C:\Users\yacha\.m2\repository\org\apache\maven\doxia\doxia-module-xhtml\1.10\doxia-module-xhtml-1.10.jar;C:\Users\yacha\.m2\repository\org\apache\maven\doxia\doxia-module-xhtml5\1.10\doxia-module-xhtml5-1.10.jar;C:\Users\yacha\.m2\repository\org\codehaus\plexus\plexus-i18n\1.0-beta-10\plexus-i18n-1.0-beta-10.jar;C:\Users\yacha\.m2\repository\org\codehaus\plexus\plexus-velocity\1.2\plexus-velocity-1.2.jar;C:\Users\yacha\.m2\repository\org\apache\velocity\velocity\1.7\velocity-1.7.jar;C:\Users\yacha\.m2\repository\org\apache\velocity\velocity-tools\2.0\velocity-tools-2.0.jar;C:\Users\yacha\.m2\repository\oro\oro\2.0.8\oro-2.0.8.jar;C:\Users\yacha\.m2\repository\org\apache\maven\doxia\doxia-integration-tools\1.10\doxia-integration-tools-1.10.jar;C:\Users\yacha\.m2\repository\commons-beanutils\commons-beanutils\1.9.4\commons-beanutils-1.9.4.jar;C:\Users\yacha\.m2\repository\commons-chain\commons-chain\1.2\commons-chain-1.2.jar;C:\Users\yacha\.m2\repository\commons-codec\commons-codec\1.15\commons-codec-1.15.jar;C:\Users\yacha\.m2\repository\commons-collections\commons-collections\3.2.2\commons-collections-3.2.2.jar;C:\Users\yacha\.m2\repository\commons-digester\commons-digester\2.1\commons-digester-2.1.jar;C:\Users\yacha\.m2\repository\commons-io\commons-io\2.11.0\commons-io-2.11.0.jar;C:\Users\yacha\.m2\repository\commons-lang\commons-lang\2.6\commons-lang-2.6.jar;C:\Users\yacha\.m2\repository\org\apache\commons\commons-lang3\3.12.0\commons-lang3-3.12.0.jar;C:\Users\yacha\.m2\repository\org\codehaus\plexus\plexus-container-default\2.1.0\plexus-container-default-2.1.0.jar;C:\Users\yacha\.m2\repository\org\apache\xbean\xbean-reflect\3.7\xbean-reflect-3.7.jar;C:\Users\yacha\.m2\repository\org\codehaus\plexus\plexus-resources\1.2.0\plexus-resources-1.2.0.jar;C:\Users\yacha\.m2\repository\org\codehaus\plexus\plexus-utils\3.4.1\plexus-utils-3.4.1.jar;C:\Users\yacha\.m2\repository\org\ow2\asm\asm\9.2\asm-9.2.jar;C:\Users\yacha\.m2\repository\org\ow2\asm\asm-analysis\9.2\asm-analysis-9.2.jar;C:\Users\yacha\.m2\repository\org\ow2\asm\asm-commons\9.2\asm-commons-9.2.jar;C:\Users\yacha\.m2\repository\org\ow2\asm\asm-tree\9.2\asm-tree-9.2.jar;C:\Users\yacha\.m2\repository\org\ow2\asm\asm-util\9.2\asm-util-9.2.jar;"/>
    <property name="java.vm.vendor" value="Oracle Corporation"/>
    <property name="sun.arch.data.model" value="64"/>
    <property name="user.variant" value=""/>
    <property name="java.vendor.url" value="https://java.oracle.com/"/>
    <property name="user.timezone" value="America/New_York"/>
    <property name="os.name" value="Windows 10"/>
    <property name="java.vm.specification.version" value="16"/>
    <property name="sun.java.launcher" value="SUN_STANDARD"/>
    <property name="user.country" value="US"/>
    <property name="sun.boot.library.path" value="C:\Program Files\Java\jdk-16.0.2\bin"/>
    <property name="sun.java.command" value="org.apache.maven.surefire.booter.ForkedBooter C:\Users\yacha\AppData\Local\Temp\surefire16167337205621223421 2021-11-08T15-46-21_971-jvmRun1 surefire1057882639306995381tmp surefire_018248499872152832918tmp"/>
    <property name="jdk.debug" value="release"/>
    <property name="surefire.test.class.path" value="C:\Users\yacha\OneDrive\Education\Schools\Udacity\Intro to Java\nd079-c3-java-application-deployment-projectstarter\starter\catpoint-parent\ImageService_Module\target\test-classes;C:\Users\yacha\.m2\repository\software\amazon\awssdk\annotations\2.17.61\annotations-2.17.61.jar;C:\Users\yacha\.m2\repository\software\amazon\awssdk\utils\2.17.61\utils-2.17.61.jar;C:\Users\yacha\.m2\repository\org\reactivestreams\reactive-streams\1.0.3\reactive-streams-1.0.3.jar;C:\Users\yacha\.m2\repository\software\amazon\awssdk\profiles\2.17.61\profiles-2.17.61.jar;C:\Users\yacha\.m2\repository\software\amazon\awssdk\http-client-spi\2.17.61\http-client-spi-2.17.61.jar;C:\Users\yacha\.m2\repository\software\amazon\awssdk\json-utils\2.17.61\json-utils-2.17.61.jar;C:\Users\yacha\.m2\repository\software\amazon\awssdk\third-party-jackson-core\2.17.61\third-party-jackson-core-2.17.61.jar;C:\Users\yacha\.m2\repository\software\amazon\eventstream\eventstream\1.0.1\eventstream-1.0.1.jar;C:\Users\yacha\.m2\repository\software\amazon\awssdk\aws-json-protocol\2.17.65\aws-json-protocol-2.17.65.jar;C:\Users\yacha\.m2\repository\software\amazon\awssdk\protocol-core\2.17.65\protocol-core-2.17.65.jar;C:\Users\yacha\.m2\repository\software\amazon\awssdk\aws-core\2.17.65\aws-core-2.17.65.jar;C:\Users\yacha\.m2\repository\software\amazon\awssdk\metrics-spi\2.17.65\metrics-spi-2.17.65.jar;C:\Users\yacha\.m2\repository\software\amazon\awssdk\apache-client\2.17.65\apache-client-2.17.65.jar;C:\Users\yacha\.m2\repository\org\apache\httpcomponents\httpclient\4.5.13\httpclient-4.5.13.jar;C:\Users\yacha\.m2\repository\commons-logging\commons-logging\1.2\commons-logging-1.2.jar;C:\Users\yacha\.m2\repository\org\apache\httpcomponents\httpcore\4.4.11\httpcore-4.4.11.jar;C:\Users\yacha\.m2\repository\software\amazon\awssdk\netty-nio-client\2.17.65\netty-nio-client-2.17.65.jar;C:\Users\yacha\.m2\repository\io\netty\netty-codec-http\4.1.68.Final\netty-codec-http-4.1.68.Final.jar;C:\Users\yacha\.m2\repository\io\netty\netty-codec-http2\4.1.68.Final\netty-codec-http2-4.1.68.Final.jar;C:\Users\yacha\.m2\repository\io\netty\netty-codec\4.1.68.Final\netty-codec-4.1.68.Final.jar;C:\Users\yacha\.m2\repository\io\netty\netty-transport\4.1.68.Final\netty-transport-4.1.68.Final.jar;C:\Users\yacha\.m2\repository\io\netty\netty-resolver\4.1.68.Final\netty-resolver-4.1.68.Final.jar;C:\Users\yacha\.m2\repository\io\netty\netty-common\4.1.68.Final\netty-common-4.1.68.Final.jar;C:\Users\yacha\.m2\repository\io\netty\netty-buffer\4.1.68.Final\netty-buffer-4.1.68.Final.jar;C:\Users\yacha\.m2\repository\io\netty\netty-handler\4.1.68.Final\netty-handler-4.1.68.Final.jar;C:\Users\yacha\.m2\repository\io\netty\netty-transport-native-epoll\4.1.68.Final\netty-transport-native-epoll-4.1.68.Final-linux-x86_64.jar;C:\Users\yacha\.m2\repository\io\netty\netty-transport-native-unix-common\4.1.68.Final\netty-transport-native-unix-common-4.1.68.Final.jar;C:\Users\yacha\.m2\repository\com\typesafe\netty\netty-reactive-streams-http\2.0.5\netty-reactive-streams-http-2.0.5.jar;C:\Users\yacha\.m2\repository\com\typesafe\netty\netty-reactive-streams\2.0.5\netty-reactive-streams-2.0.5.jar;C:\Users\yacha\.m2\repository\org\junit\jupiter\junit-jupiter-params\5.8.1\junit-jupiter-params-5.8.1.jar;C:\Users\yacha\.m2\repository\org\apiguardian\apiguardian-api\1.1.2\apiguardian-api-1.1.2.jar;C:\Users\yacha\.m2\repository\org\junit\jupiter\junit-jupiter-api\5.8.1\junit-jupiter-api-5.8.1.jar;C:\Users\yacha\.m2\repository\org\opentest4j\opentest4j\1.2.0\opentest4j-1.2.0.jar;C:\Users\yacha\.m2\repository\org\junit\platform\junit-platform-commons\1.8.1\junit-platform-commons-1.8.1.jar;C:\Users\yacha\.m2\repository\org\junit\jupiter\junit-jupiter-engine\5.8.1\junit-jupiter-engine-5.8.1.jar;C:\Users\yacha\.m2\repository\org\junit\platform\junit-platform-engine\1.8.1\junit-platform-engine-1.8.1.jar;C:\Users\yacha\.m2\repository\org\mockito\mockito-junit-jupiter\4.0.0\mockito-junit-jupiter-4.0.0.jar;C:\Users\yacha\.m2\repository\org\mockito\mockito-core\4.0.0\mockito-core-4.0.0.jar;C:\Users\yacha\.m2\repository\net\bytebuddy\byte-buddy\1.11.19\byte-buddy-1.11.19.jar;C:\Users\yacha\.m2\repository\net\bytebuddy\byte-buddy-agent\1.11.19\byte-buddy-agent-1.11.19.jar;C:\Users\yacha\.m2\repository\org\objenesis\objenesis\3.2\objenesis-3.2.jar;C:\Users\yacha\.m2\repository\org\mockito\mockito-inline\4.0.0\mockito-inline-4.0.0.jar;C:\Users\yacha\.m2\repository\com\github\spotbugs\spotbugs-maven-plugin\4.4.2.1\spotbugs-maven-plugin-4.4.2.1.jar;C:\Users\yacha\.m2\repository\com\github\spotbugs\spotbugs\4.4.2\spotbugs-4.4.2.jar;C:\Users\yacha\.m2\repository\org\apache\bcel\bcel\6.5.0\bcel-6.5.0.jar;C:\Users\yacha\.m2\repository\net\jcip\jcip-annotations\1.0\jcip-annotations-1.0.jar;C:\Users\yacha\.m2\repository\org\dom4j\dom4j\2.1.3\dom4j-2.1.3.jar;C:\Users\yacha\.m2\repository\org\apache\commons\commons-text\1.9\commons-text-1.9.jar;C:\Users\yacha\.m2\repository\com\github\spotbugs\spotbugs-annotations\4.4.2\spotbugs-annotations-4.4.2.jar;C:\Users\yacha\.m2\repository\com\google\code\findbugs\jsr305\3.0.2\jsr305-3.0.2.jar;C:\Users\yacha\.m2\repository\com\google\code\gson\gson\2.8.8\gson-2.8.8.jar;C:\Users\yacha\.m2\repository\jaxen\jaxen\1.2.0\jaxen-1.2.0.jar;C:\Users\yacha\.m2\repository\net\sf\saxon\Saxon-HE\10.6\Saxon-HE-10.6.jar;C:\Users\yacha\.m2\repository\org\slf4j\jcl-over-slf4j\2.0.0-alpha5\jcl-over-slf4j-2.0.0-alpha5.jar;C:\Users\yacha\.m2\repository\org\slf4j\slf4j-simple\2.0.0-alpha5\slf4j-simple-2.0.0-alpha5.jar;C:\Users\yacha\.m2\repository\org\apache\ant\ant\1.10.11\ant-1.10.11.jar;C:\Users\yacha\.m2\repository\org\apache\ant\ant-launcher\1.10.11\ant-launcher-1.10.11.jar;C:\Users\yacha\.m2\repository\org\codehaus\groovy\groovy\3.0.9\groovy-3.0.9-indy.jar;C:\Users\yacha\.m2\repository\org\codehaus\groovy\groovy-ant\3.0.9\groovy-ant-3.0.9-indy.jar;C:\Users\yacha\.m2\repository\org\codehaus\groovy\groovy-dateutil\3.0.9\groovy-dateutil-3.0.9-indy.jar;C:\Users\yacha\.m2\repository\org\codehaus\groovy\groovy-docgenerator\3.0.9\groovy-docgenerator-3.0.9-indy.jar;C:\Users\yacha\.m2\repository\com\thoughtworks\qdox\qdox\1.12.1\qdox-1.12.1.jar;C:\Users\yacha\.m2\repository\org\codehaus\groovy\groovy-groovydoc\3.0.9\groovy-groovydoc-3.0.9-indy.jar;C:\Users\yacha\.m2\repository\com\github\javaparser\javaparser-core\3.23.0\javaparser-core-3.23.0.jar;C:\Users\yacha\.m2\repository\org\codehaus\groovy\groovy-templates\3.0.9\groovy-templates-3.0.9-indy.jar;C:\Users\yacha\.m2\repository\org\codehaus\groovy\groovy-xml\3.0.9\groovy-xml-3.0.9-indy.jar;C:\Users\yacha\.m2\repository\org\codehaus\groovy\groovy-json\3.0.9\groovy-json-3.0.9-indy.jar;C:\Users\yacha\.m2\repository\org\apache\maven\reporting\maven-reporting-impl\3.0.0\maven-reporting-impl-3.0.0.jar;C:\Users\yacha\.m2\repository\org\apache\maven\reporting\maven-reporting-api\3.0\maven-reporting-api-3.0.jar;C:\Users\yacha\.m2\repository\org\apache\maven\maven-plugin-api\3.8.3\maven-plugin-api-3.8.3.jar;C:\Users\yacha\.m2\repository\org\apache\maven\maven-model\3.8.3\maven-model-3.8.3.jar;C:\Users\yacha\.m2\repository\org\eclipse\sisu\org.eclipse.sisu.plexus\0.3.5\org.eclipse.sisu.plexus-0.3.5.jar;C:\Users\yacha\.m2\repository\javax\annotation\javax.annotation-api\1.2\javax.annotation-api-1.2.jar;C:\Users\yacha\.m2\repository\org\codehaus\plexus\plexus-classworlds\2.6.0\plexus-classworlds-2.6.0.jar;C:\Users\yacha\.m2\repository\org\apache\maven\maven-artifact\3.8.3\maven-artifact-3.8.3.jar;C:\Users\yacha\.m2\repository\org\apache\maven\shared\maven-artifact-transfer\0.13.1\maven-artifact-transfer-0.13.1.jar;C:\Users\yacha\.m2\repository\org\codehaus\plexus\plexus-component-annotations\2.0.0\plexus-component-annotations-2.0.0.jar;C:\Users\yacha\.m2\repository\org\apache\maven\shared\maven-common-artifact-filters\3.2.0\maven-common-artifact-filters-3.2.0.jar;C:\Users\yacha\.m2\repository\org\eclipse\aether\aether-api\0.9.0.M2\aether-api-0.9.0.M2.jar;C:\Users\yacha\.m2\repository\org\eclipse\aether\aether-util\0.9.0.M2\aether-util-0.9.0.M2.jar;C:\Users\yacha\.m2\repository\org\apache\maven\maven-core\3.8.3\maven-core-3.8.3.jar;C:\Users\yacha\.m2\repository\org\apache\maven\maven-settings\3.8.3\maven-settings-3.8.3.jar;C:\Users\yacha\.m2\repository\org\apache\maven\maven-settings-builder\3.8.3\maven-settings-builder-3.8.3.jar;C:\Users\yacha\.m2\repository\org\codehaus\plexus\plexus-sec-dispatcher\2.0\plexus-sec-dispatcher-2.0.jar;C:\Users\yacha\.m2\repository\org\codehaus\plexus\plexus-cipher\2.0\plexus-cipher-2.0.jar;C:\Users\yacha\.m2\repository\org\apache\maven\maven-builder-support\3.8.3\maven-builder-support-3.8.3.jar;C:\Users\yacha\.m2\repository\org\apache\maven\maven-repository-metadata\3.8.3\maven-repository-metadata-3.8.3.jar;C:\Users\yacha\.m2\repository\org\apache\maven\maven-model-builder\3.8.3\maven-model-builder-3.8.3.jar;C:\Users\yacha\.m2\repository\org\apache\maven\maven-resolver-provider\3.8.3\maven-resolver-provider-3.8.3.jar;C:\Users\yacha\.m2\repository\org\apache\maven\resolver\maven-resolver-impl\1.6.3\maven-resolver-impl-1.6.3.jar;C:\Users\yacha\.m2\repository\org\apache\maven\resolver\maven-resolver-api\1.6.3\maven-resolver-api-1.6.3.jar;C:\Users\yacha\.m2\repository\org\apache\maven\resolver\maven-resolver-spi\1.6.3\maven-resolver-spi-1.6.3.jar;C:\Users\yacha\.m2\repository\org\apache\maven\resolver\maven-resolver-util\1.6.3\maven-resolver-util-1.6.3.jar;C:\Users\yacha\.m2\repository\org\eclipse\sisu\org.eclipse.sisu.inject\0.3.5\org.eclipse.sisu.inject-0.3.5.jar;C:\Users\yacha\.m2\repository\com\google\inject\guice\4.2.2\guice-4.2.2-no_aop.jar;C:\Users\yacha\.m2\repository\aopalliance\aopalliance\1.0\aopalliance-1.0.jar;C:\Users\yacha\.m2\repository\com\google\guava\guava\25.1-android\guava-25.1-android.jar;C:\Users\yacha\.m2\repository\org\checkerframework\checker-compat-qual\2.0.0\checker-compat-qual-2.0.0.jar;C:\Users\yacha\.m2\repository\com\google\errorprone\error_prone_annotations\2.1.3\error_prone_annotations-2.1.3.jar;C:\Users\yacha\.m2\repository\com\google\j2objc\j2objc-annotations\1.1\j2objc-annotations-1.1.jar;C:\Users\yacha\.m2\repository\org\codehaus\mojo\animal-sniffer-annotations\1.14\animal-sniffer-annotations-1.14.jar;C:\Users\yacha\.m2\repository\javax\inject\javax.inject\1\javax.inject-1.jar;C:\Users\yacha\.m2\repository\org\codehaus\plexus\plexus-interpolation\1.26\plexus-interpolation-1.26.jar;C:\Users\yacha\.m2\repository\org\apache\maven\shared\maven-shared-utils\3.3.4\maven-shared-utils-3.3.4.jar;C:\Users\yacha\.m2\repository\org\apache\maven\doxia\doxia-core\1.10\doxia-core-1.10.jar;C:\Users\yacha\.m2\repository\org\apache\maven\doxia\doxia-logging-api\1.10\doxia-logging-api-1.10.jar;C:\Users\yacha\.m2\repository\org\apache\maven\doxia\doxia-sink-api\1.10\doxia-sink-api-1.10.jar;C:\Users\yacha\.m2\repository\org\apache\maven\doxia\doxia-decoration-model\1.10\doxia-decoration-model-1.10.jar;C:\Users\yacha\.m2\repository\org\apache\maven\doxia\doxia-site-renderer\1.10\doxia-site-renderer-1.10.jar;C:\Users\yacha\.m2\repository\org\apache\maven\doxia\doxia-skin-model\1.10\doxia-skin-model-1.10.jar;C:\Users\yacha\.m2\repository\org\apache\maven\doxia\doxia-module-xhtml\1.10\doxia-module-xhtml-1.10.jar;C:\Users\yacha\.m2\repository\org\apache\maven\doxia\doxia-module-xhtml5\1.10\doxia-module-xhtml5-1.10.jar;C:\Users\yacha\.m2\repository\org\codehaus\plexus\plexus-i18n\1.0-beta-10\plexus-i18n-1.0-beta-10.jar;C:\Users\yacha\.m2\repository\org\codehaus\plexus\plexus-velocity\1.2\plexus-velocity-1.2.jar;C:\Users\yacha\.m2\repository\org\apache\velocity\velocity\1.7\velocity-1.7.jar;C:\Users\yacha\.m2\repository\org\apache\velocity\velocity-tools\2.0\velocity-tools-2.0.jar;C:\Users\yacha\.m2\repository\oro\oro\2.0.8\oro-2.0.8.jar;C:\Users\yacha\.m2\repository\org\apache\maven\doxia\doxia-integration-tools\1.10\doxia-integration-tools-1.10.jar;C:\Users\yacha\.m2\repository\commons-beanutils\commons-beanutils\1.9.4\commons-beanutils-1.9.4.jar;C:\Users\yacha\.m2\repository\commons-chain\commons-chain\1.2\commons-chain-1.2.jar;C:\Users\yacha\.m2\repository\commons-codec\commons-codec\1.15\commons-codec-1.15.jar;C:\Users\yacha\.m2\repository\commons-collections\commons-collections\3.2.2\commons-collections-3.2.2.jar;C:\Users\yacha\.m2\repository\commons-digester\commons-digester\2.1\commons-digester-2.1.jar;C:\Users\yacha\.m2\repository\commons-io\commons-io\2.11.0\commons-io-2.11.0.jar;C:\Users\yacha\.m2\repository\commons-lang\commons-lang\2.6\commons-lang-2.6.jar;C:\Users\yacha\.m2\repository\org\apache\commons\commons-lang3\3.12.0\commons-lang3-3.12.0.jar;C:\Users\yacha\.m2\repository\org\codehaus\plexus\plexus-container-default\2.1.0\plexus-container-default-2.1.0.jar;C:\Users\yacha\.m2\repository\org\apache\xbean\xbean-reflect\3.7\xbean-reflect-3.7.jar;C:\Users\yacha\.m2\repository\org\codehaus\plexus\plexus-resources\1.2.0\plexus-resources-1.2.0.jar;C:\Users\yacha\.m2\repository\org\codehaus\plexus\plexus-utils\3.4.1\plexus-utils-3.4.1.jar;C:\Users\yacha\.m2\repository\org\ow2\asm\asm\9.2\asm-9.2.jar;C:\Users\yacha\.m2\repository\org\ow2\asm\asm-analysis\9.2\asm-analysis-9.2.jar;C:\Users\yacha\.m2\repository\org\ow2\asm\asm-commons\9.2\asm-commons-9.2.jar;C:\Users\yacha\.m2\repository\org\ow2\asm\asm-tree\9.2\asm-tree-9.2.jar;C:\Users\yacha\.m2\repository\org\ow2\asm\asm-util\9.2\asm-util-9.2.jar;"/>
    <property name="sun.cpu.endian" value="little"/>
    <property name="user.home" value="C:\Users\yacha"/>
    <property name="user.language" value="en"/>
    <property name="java.specification.vendor" value="Oracle Corporation"/>
    <property name="jdk.module.path" value="C:\Users\yacha\OneDrive\Education\Schools\Udacity\Intro to Java\nd079-c3-java-application-deployment-projectstarter\starter\catpoint-parent\ImageService_Module\target\classes;C:\Users\yacha\.m2\repository\org\slf4j\slf4j-api\1.7.32\slf4j-api-1.7.32.jar;C:\Users\yacha\.m2\repository\software\amazon\awssdk\auth\2.17.61\auth-2.17.61.jar;C:\Users\yacha\.m2\repository\software\amazon\awssdk\sdk-core\2.17.61\sdk-core-2.17.61.jar;C:\Users\yacha\.m2\repository\software\amazon\awssdk\regions\2.17.61\regions-2.17.61.jar;C:\Users\yacha\.m2\repository\software\amazon\awssdk\rekognition\2.17.65\rekognition-2.17.65.jar"/>
    <property name="java.version.date" value="2021-07-20"/>
    <property name="java.home" value="C:\Program Files\Java\jdk-16.0.2"/>
    <property name="file.separator" value="\"/>
    <property name="basedir" value="C:\Users\yacha\OneDrive\Education\Schools\Udacity\Intro to Java\nd079-c3-java-application-deployment-projectstarter\starter\catpoint-parent\ImageService_Module"/>
    <property name="java.vm.compressedOopsMode" value="Zero based"/>
    <property name="line.separator" value="&#10;"/>
    <property name="java.vm.specification.vendor" value="Oracle Corporation"/>
    <property name="java.specification.name" value="Java Platform API Specification"/>
    <property name="surefire.real.class.path" value="C:\Users\yacha\.m2\repository\org\apache\maven\surefire\surefire-booter\3.0.0-M5\surefire-booter-3.0.0-M5.jar;C:\Users\yacha\.m2\repository\org\apache\maven\surefire\surefire-api\3.0.0-M5\surefire-api-3.0.0-M5.jar;C:\Users\yacha\.m2\repository\org\apache\maven\surefire\surefire-logger-api\3.0.0-M5\surefire-logger-api-3.0.0-M5.jar;C:\Users\yacha\.m2\repository\org\apache\maven\surefire\surefire-shared-utils\3.0.0-M4\surefire-shared-utils-3.0.0-M4.jar;C:\Users\yacha\.m2\repository\org\apache\maven\surefire\surefire-extensions-spi\3.0.0-M5\surefire-extensions-spi-3.0.0-M5.jar;C:\Users\yacha\OneDrive\Education\Schools\Udacity\Intro to Java\nd079-c3-java-application-deployment-projectstarter\starter\catpoint-parent\ImageService_Module\target\test-classes;C:\Users\yacha\.m2\repository\software\amazon\awssdk\annotations\2.17.61\annotations-2.17.61.jar;C:\Users\yacha\.m2\repository\software\amazon\awssdk\utils\2.17.61\utils-2.17.61.jar;C:\Users\yacha\.m2\repository\org\reactivestreams\reactive-streams\1.0.3\reactive-streams-1.0.3.jar;C:\Users\yacha\.m2\repository\software\amazon\awssdk\profiles\2.17.61\profiles-2.17.61.jar;C:\Users\yacha\.m2\repository\software\amazon\awssdk\http-client-spi\2.17.61\http-client-spi-2.17.61.jar;C:\Users\yacha\.m2\repository\software\amazon\awssdk\json-utils\2.17.61\json-utils-2.17.61.jar;C:\Users\yacha\.m2\repository\software\amazon\awssdk\third-party-jackson-core\2.17.61\third-party-jackson-core-2.17.61.jar;C:\Users\yacha\.m2\repository\software\amazon\eventstream\eventstream\1.0.1\eventstream-1.0.1.jar;C:\Users\yacha\.m2\repository\software\amazon\awssdk\aws-json-protocol\2.17.65\aws-json-protocol-2.17.65.jar;C:\Users\yacha\.m2\repository\software\amazon\awssdk\protocol-core\2.17.65\protocol-core-2.17.65.jar;C:\Users\yacha\.m2\repository\software\amazon\awssdk\aws-core\2.17.65\aws-core-2.17.65.jar;C:\Users\yacha\.m2\repository\software\amazon\awssdk\metrics-spi\2.17.65\metrics-spi-2.17.65.jar;C:\Users\yacha\.m2\repository\software\amazon\awssdk\apache-client\2.17.65\apache-client-2.17.65.jar;C:\Users\yacha\.m2\repository\org\apache\httpcomponents\httpclient\4.5.13\httpclient-4.5.13.jar;C:\Users\yacha\.m2\repository\commons-logging\commons-logging\1.2\commons-logging-1.2.jar;C:\Users\yacha\.m2\repository\org\apache\httpcomponents\httpcore\4.4.11\httpcore-4.4.11.jar;C:\Users\yacha\.m2\repository\software\amazon\awssdk\netty-nio-client\2.17.65\netty-nio-client-2.17.65.jar;C:\Users\yacha\.m2\repository\io\netty\netty-codec-http\4.1.68.Final\netty-codec-http-4.1.68.Final.jar;C:\Users\yacha\.m2\repository\io\netty\netty-codec-http2\4.1.68.Final\netty-codec-http2-4.1.68.Final.jar;C:\Users\yacha\.m2\repository\io\netty\netty-codec\4.1.68.Final\netty-codec-4.1.68.Final.jar;C:\Users\yacha\.m2\repository\io\netty\netty-transport\4.1.68.Final\netty-transport-4.1.68.Final.jar;C:\Users\yacha\.m2\repository\io\netty\netty-resolver\4.1.68.Final\netty-resolver-4.1.68.Final.jar;C:\Users\yacha\.m2\repository\io\netty\netty-common\4.1.68.Final\netty-common-4.1.68.Final.jar;C:\Users\yacha\.m2\repository\io\netty\netty-buffer\4.1.68.Final\netty-buffer-4.1.68.Final.jar;C:\Users\yacha\.m2\repository\io\netty\netty-handler\4.1.68.Final\netty-handler-4.1.68.Final.jar;C:\Users\yacha\.m2\repository\io\netty\netty-transport-native-epoll\4.1.68.Final\netty-transport-native-epoll-4.1.68.Final-linux-x86_64.jar;C:\Users\yacha\.m2\repository\io\netty\netty-transport-native-unix-common\4.1.68.Final\netty-transport-native-unix-common-4.1.68.Final.jar;C:\Users\yacha\.m2\repository\com\typesafe\netty\netty-reactive-streams-http\2.0.5\netty-reactive-streams-http-2.0.5.jar;C:\Users\yacha\.m2\repository\com\typesafe\netty\netty-reactive-streams\2.0.5\netty-reactive-streams-2.0.5.jar;C:\Users\yacha\.m2\repository\org\junit\jupiter\junit-jupiter-params\5.8.1\junit-jupiter-params-5.8.1.jar;C:\Users\yacha\.m2\repository\org\apiguardian\apiguardian-api\1.1.2\apiguardian-api-1.1.2.jar;C:\Users\yacha\.m2\repository\org\junit\jupiter\junit-jupiter-api\5.8.1\junit-jupiter-api-5.8.1.jar;C:\Users\yacha\.m2\repository\org\opentest4j\opentest4j\1.2.0\opentest4j-1.2.0.jar;C:\Users\yacha\.m2\repository\org\junit\platform\junit-platform-commons\1.8.1\junit-platform-commons-1.8.1.jar;C:\Users\yacha\.m2\repository\org\junit\jupiter\junit-jupiter-engine\5.8.1\junit-jupiter-engine-5.8.1.jar;C:\Users\yacha\.m2\repository\org\junit\platform\junit-platform-engine\1.8.1\junit-platform-engine-1.8.1.jar;C:\Users\yacha\.m2\repository\org\mockito\mockito-junit-jupiter\4.0.0\mockito-junit-jupiter-4.0.0.jar;C:\Users\yacha\.m2\repository\org\mockito\mockito-core\4.0.0\mockito-core-4.0.0.jar;C:\Users\yacha\.m2\repository\net\bytebuddy\byte-buddy\1.11.19\byte-buddy-1.11.19.jar;C:\Users\yacha\.m2\repository\net\bytebuddy\byte-buddy-agent\1.11.19\byte-buddy-agent-1.11.19.jar;C:\Users\yacha\.m2\repository\org\objenesis\objenesis\3.2\objenesis-3.2.jar;C:\Users\yacha\.m2\repository\org\mockito\mockito-inline\4.0.0\mockito-inline-4.0.0.jar;C:\Users\yacha\.m2\repository\com\github\spotbugs\spotbugs-maven-plugin\4.4.2.1\spotbugs-maven-plugin-4.4.2.1.jar;C:\Users\yacha\.m2\repository\com\github\spotbugs\spotbugs\4.4.2\spotbugs-4.4.2.jar;C:\Users\yacha\.m2\repository\org\apache\bcel\bcel\6.5.0\bcel-6.5.0.jar;C:\Users\yacha\.m2\repository\net\jcip\jcip-annotations\1.0\jcip-annotations-1.0.jar;C:\Users\yacha\.m2\repository\org\dom4j\dom4j\2.1.3\dom4j-2.1.3.jar;C:\Users\yacha\.m2\repository\org\apache\commons\commons-text\1.9\commons-text-1.9.jar;C:\Users\yacha\.m2\repository\com\github\spotbugs\spotbugs-annotations\4.4.2\spotbugs-annotations-4.4.2.jar;C:\Users\yacha\.m2\repository\com\google\code\findbugs\jsr305\3.0.2\jsr305-3.0.2.jar;C:\Users\yacha\.m2\repository\com\google\code\gson\gson\2.8.8\gson-2.8.8.jar;C:\Users\yacha\.m2\repository\jaxen\jaxen\1.2.0\jaxen-1.2.0.jar;C:\Users\yacha\.m2\repository\net\sf\saxon\Saxon-HE\10.6\Saxon-HE-10.6.jar;C:\Users\yacha\.m2\repository\org\slf4j\jcl-over-slf4j\2.0.0-alpha5\jcl-over-slf4j-2.0.0-alpha5.jar;C:\Users\yacha\.m2\repository\org\slf4j\slf4j-simple\2.0.0-alpha5\slf4j-simple-2.0.0-alpha5.jar;C:\Users\yacha\.m2\repository\org\apache\ant\ant\1.10.11\ant-1.10.11.jar;C:\Users\yacha\.m2\repository\org\apache\ant\ant-launcher\1.10.11\ant-launcher-1.10.11.jar;C:\Users\yacha\.m2\repository\org\codehaus\groovy\groovy\3.0.9\groovy-3.0.9-indy.jar;C:\Users\yacha\.m2\repository\org\codehaus\groovy\groovy-ant\3.0.9\groovy-ant-3.0.9-indy.jar;C:\Users\yacha\.m2\repository\org\codehaus\groovy\groovy-dateutil\3.0.9\groovy-dateutil-3.0.9-indy.jar;C:\Users\yacha\.m2\repository\org\codehaus\groovy\groovy-docgenerator\3.0.9\groovy-docgenerator-3.0.9-indy.jar;C:\Users\yacha\.m2\repository\com\thoughtworks\qdox\qdox\1.12.1\qdox-1.12.1.jar;C:\Users\yacha\.m2\repository\org\codehaus\groovy\groovy-groovydoc\3.0.9\groovy-groovydoc-3.0.9-indy.jar;C:\Users\yacha\.m2\repository\com\github\javaparser\javaparser-core\3.23.0\javaparser-core-3.23.0.jar;C:\Users\yacha\.m2\repository\org\codehaus\groovy\groovy-templates\3.0.9\groovy-templates-3.0.9-indy.jar;C:\Users\yacha\.m2\repository\org\codehaus\groovy\groovy-xml\3.0.9\groovy-xml-3.0.9-indy.jar;C:\Users\yacha\.m2\repository\org\codehaus\groovy\groovy-json\3.0.9\groovy-json-3.0.9-indy.jar;C:\Users\yacha\.m2\repository\org\apache\maven\reporting\maven-reporting-impl\3.0.0\maven-reporting-impl-3.0.0.jar;C:\Users\yacha\.m2\repository\org\apache\maven\reporting\maven-reporting-api\3.0\maven-reporting-api-3.0.jar;C:\Users\yacha\.m2\repository\org\apache\maven\maven-plugin-api\3.8.3\maven-plugin-api-3.8.3.jar;C:\Users\yacha\.m2\repository\org\apache\maven\maven-model\3.8.3\maven-model-3.8.3.jar;C:\Users\yacha\.m2\repository\org\eclipse\sisu\org.eclipse.sisu.plexus\0.3.5\org.eclipse.sisu.plexus-0.3.5.jar;C:\Users\yacha\.m2\repository\javax\annotation\javax.annotation-api\1.2\javax.annotation-api-1.2.jar;C:\Users\yacha\.m2\repository\org\codehaus\plexus\plexus-classworlds\2.6.0\plexus-classworlds-2.6.0.jar;C:\Users\yacha\.m2\repository\org\apache\maven\maven-artifact\3.8.3\maven-artifact-3.8.3.jar;C:\Users\yacha\.m2\repository\org\apache\maven\shared\maven-artifact-transfer\0.13.1\maven-artifact-transfer-0.13.1.jar;C:\Users\yacha\.m2\repository\org\codehaus\plexus\plexus-component-annotations\2.0.0\plexus-component-annotations-2.0.0.jar;C:\Users\yacha\.m2\repository\org\apache\maven\shared\maven-common-artifact-filters\3.2.0\maven-common-artifact-filters-3.2.0.jar;C:\Users\yacha\.m2\repository\org\eclipse\aether\aether-api\0.9.0.M2\aether-api-0.9.0.M2.jar;C:\Users\yacha\.m2\repository\org\eclipse\aether\aether-util\0.9.0.M2\aether-util-0.9.0.M2.jar;C:\Users\yacha\.m2\repository\org\apache\maven\maven-core\3.8.3\maven-core-3.8.3.jar;C:\Users\yacha\.m2\repository\org\apache\maven\maven-settings\3.8.3\maven-settings-3.8.3.jar;C:\Users\yacha\.m2\repository\org\apache\maven\maven-settings-builder\3.8.3\maven-settings-builder-3.8.3.jar;C:\Users\yacha\.m2\repository\org\codehaus\plexus\plexus-sec-dispatcher\2.0\plexus-sec-dispatcher-2.0.jar;C:\Users\yacha\.m2\repository\org\codehaus\plexus\plexus-cipher\2.0\plexus-cipher-2.0.jar;C:\Users\yacha\.m2\repository\org\apache\maven\maven-builder-support\3.8.3\maven-builder-support-3.8.3.jar;C:\Users\yacha\.m2\repository\org\apache\maven\maven-repository-metadata\3.8.3\maven-repository-metadata-3.8.3.jar;C:\Users\yacha\.m2\repository\org\apache\maven\maven-model-builder\3.8.3\maven-model-builder-3.8.3.jar;C:\Users\yacha\.m2\repository\org\apache\maven\maven-resolver-provider\3.8.3\maven-resolver-provider-3.8.3.jar;C:\Users\yacha\.m2\repository\org\apache\maven\resolver\maven-resolver-impl\1.6.3\maven-resolver-impl-1.6.3.jar;C:\Users\yacha\.m2\repository\org\apache\maven\resolver\maven-resolver-api\1.6.3\maven-resolver-api-1.6.3.jar;C:\Users\yacha\.m2\repository\org\apache\maven\resolver\maven-resolver-spi\1.6.3\maven-resolver-spi-1.6.3.jar;C:\Users\yacha\.m2\repository\org\apache\maven\resolver\maven-resolver-util\1.6.3\maven-resolver-util-1.6.3.jar;C:\Users\yacha\.m2\repository\org\eclipse\sisu\org.eclipse.sisu.inject\0.3.5\org.eclipse.sisu.inject-0.3.5.jar;C:\Users\yacha\.m2\repository\com\google\inject\guice\4.2.2\guice-4.2.2-no_aop.jar;C:\Users\yacha\.m2\repository\aopalliance\aopalliance\1.0\aopalliance-1.0.jar;C:\Users\yacha\.m2\repository\com\google\guava\guava\25.1-android\guava-25.1-android.jar;C:\Users\yacha\.m2\repository\org\checkerframework\checker-compat-qual\2.0.0\checker-compat-qual-2.0.0.jar;C:\Users\yacha\.m2\repository\com\google\errorprone\error_prone_annotations\2.1.3\error_prone_annotations-2.1.3.jar;C:\Users\yacha\.m2\repository\com\google\j2objc\j2objc-annotations\1.1\j2objc-annotations-1.1.jar;C:\Users\yacha\.m2\repository\org\codehaus\mojo\animal-sniffer-annotations\1.14\animal-sniffer-annotations-1.14.jar;C:\Users\yacha\.m2\repository\javax\inject\javax.inject\1\javax.inject-1.jar;C:\Users\yacha\.m2\repository\org\codehaus\plexus\plexus-interpolation\1.26\plexus-interpolation-1.26.jar;C:\Users\yacha\.m2\repository\org\apache\maven\shared\maven-shared-utils\3.3.4\maven-shared-utils-3.3.4.jar;C:\Users\yacha\.m2\repository\org\apache\maven\doxia\doxia-core\1.10\doxia-core-1.10.jar;C:\Users\yacha\.m2\repository\org\apache\maven\doxia\doxia-logging-api\1.10\doxia-logging-api-1.10.jar;C:\Users\yacha\.m2\repository\org\apache\maven\doxia\doxia-sink-api\1.10\doxia-sink-api-1.10.jar;C:\Users\yacha\.m2\repository\org\apache\maven\doxia\doxia-decoration-model\1.10\doxia-decoration-model-1.10.jar;C:\Users\yacha\.m2\repository\org\apache\maven\doxia\doxia-site-renderer\1.10\doxia-site-renderer-1.10.jar;C:\Users\yacha\.m2\repository\org\apache\maven\doxia\doxia-skin-model\1.10\doxia-skin-model-1.10.jar;C:\Users\yacha\.m2\repository\org\apache\maven\doxia\doxia-module-xhtml\1.10\doxia-module-xhtml-1.10.jar;C:\Users\yacha\.m2\repository\org\apache\maven\doxia\doxia-module-xhtml5\1.10\doxia-module-xhtml5-1.10.jar;C:\Users\yacha\.m2\repository\org\codehaus\plexus\plexus-i18n\1.0-beta-10\plexus-i18n-1.0-beta-10.jar;C:\Users\yacha\.m2\repository\org\codehaus\plexus\plexus-velocity\1.2\plexus-velocity-1.2.jar;C:\Users\yacha\.m2\repository\org\apache\velocity\velocity\1.7\velocity-1.7.jar;C:\Users\yacha\.m2\repository\org\apache\velocity\velocity-tools\2.0\velocity-tools-2.0.jar;C:\Users\yacha\.m2\repository\oro\oro\2.0.8\oro-2.0.8.jar;C:\Users\yacha\.m2\repository\org\apache\maven\doxia\doxia-integration-tools\1.10\doxia-integration-tools-1.10.jar;C:\Users\yacha\.m2\repository\commons-beanutils\commons-beanutils\1.9.4\commons-beanutils-1.9.4.jar;C:\Users\yacha\.m2\repository\commons-chain\commons-chain\1.2\commons-chain-1.2.jar;C:\Users\yacha\.m2\repository\commons-codec\commons-codec\1.15\commons-codec-1.15.jar;C:\Users\yacha\.m2\repository\commons-collections\commons-collections\3.2.2\commons-collections-3.2.2.jar;C:\Users\yacha\.m2\repository\commons-digester\commons-digester\2.1\commons-digester-2.1.jar;C:\Users\yacha\.m2\repository\commons-io\commons-io\2.11.0\commons-io-2.11.0.jar;C:\Users\yacha\.m2\repository\commons-lang\commons-lang\2.6\commons-lang-2.6.jar;C:\Users\yacha\.m2\repository\org\apache\commons\commons-lang3\3.12.0\commons-lang3-3.12.0.jar;C:\Users\yacha\.m2\repository\org\codehaus\plexus\plexus-container-default\2.1.0\plexus-container-default-2.1.0.jar;C:\Users\yacha\.m2\repository\org\apache\xbean\xbean-reflect\3.7\xbean-reflect-3.7.jar;C:\Users\yacha\.m2\repository\org\codehaus\plexus\plexus-resources\1.2.0\plexus-resources-1.2.0.jar;C:\Users\yacha\.m2\repository\org\codehaus\plexus\plexus-utils\3.4.1\plexus-utils-3.4.1.jar;C:\Users\yacha\.m2\repository\org\ow2\asm\asm\9.2\asm-9.2.jar;C:\Users\yacha\.m2\repository\org\ow2\asm\asm-analysis\9.2\asm-analysis-9.2.jar;C:\Users\yacha\.m2\repository\org\ow2\asm\asm-commons\9.2\asm-commons-9.2.jar;C:\Users\yacha\.m2\repository\org\ow2\asm\asm-tree\9.2\asm-tree-9.2.jar;C:\Users\yacha\.m2\repository\org\ow2\asm\asm-util\9.2\asm-util-9.2.jar;C:\Users\yacha\.m2\repository\org\apache\maven\surefire\surefire-junit-platform\3.0.0-M5\surefire-junit-platform-3.0.0-M5.jar;C:\Users\yacha\.m2\repository\org\apache\maven\surefire\common-java5\3.0.0-M5\common-java5-3.0.0-M5.jar;C:\Users\yacha\.m2\repository\org\junit\platform\junit-platform-launcher\1.8.1\junit-platform-launcher-1.8.1.jar"/>
    <property name="user.script" value=""/>
    <property name="sun.management.compiler" value="HotSpot 64-Bit Tiered Compilers"/>
    <property name="java.runtime.version" value="16.0.2+7-67"/>
    <property name="user.name" value="yacha"/>
    <property name="path.separator" value=";"/>
    <property name="os.version" value="10.0"/>
    <property name="java.runtime.name" value="Java(TM) SE Runtime Environment"/>
    <property name="file.encoding" value="Cp1252"/>
    <property name="java.vm.name" value="Java HotSpot(TM) 64-Bit Server VM"/>
    <property name="localRepository" value="C:\Users\yacha\.m2\repository"/>
    <property name="java.vendor.url.bug" value="https://bugreport.java.com/bugreport/"/>
    <property name="java.io.tmpdir" value="C:\Users\yacha\AppData\Local\Temp\"/>
    <property name="idea.version" value="2021.2.1"/>
    <property name="java.version" value="16.0.2"/>
    <property name="user.dir" value="C:\Users\yacha\OneDrive\Education\Schools\Udacity\Intro to Java\nd079-c3-java-application-deployment-projectstarter\starter\catpoint-parent\ImageService_Module"/>
    <property name="os.arch" value="amd64"/>
    <property name="java.vm.specification.name" value="Java Virtual Machine Specification"/>
    <property name="sun.os.patch.level" value=""/>
    <property name="java.library.path" value="C:\Program Files\Java\jdk-16.0.2\bin;C:\Windows\Sun\Java\bin;C:\Windows\system32;C:\Windows;C:\Program Files\Common Files\Oracle\Java\javapath;C:\Windows\system32;C:\Windows;C:\Windows\System32\Wbem;C:\Windows\System32\WindowsPowerShell\v1.0\;C:\Windows\System32\OpenSSH\;C:\Program Files\Microsoft SQL Server\Client SDK\ODBC\170\Tools\Binn\;C:\Program Files (x86)\Microsoft SQL Server\150\Tools\Binn\;C:\Program Files\Microsoft SQL Server\150\Tools\Binn\;C:\Program Files\Microsoft SQL Server\150\DTS\Binn\;C:\Program Files (x86)\Microsoft SQL Server\150\DTS\Binn\;C:\Program Files\Azure Data Studio\bin;C:\Program Files\Microsoft SQL Server\130\Tools\Binn\;C:\Program Files\Git\cmd;C:\Program Files\PostgreSQL\13\bin;C:\Program Files\nodejs\;C:\ProgramData\chocolatey\bin;C:\Program Files\dotnet\;C:\Users\yacha\work\Panoptic\apache-maven-3.8.2;;C:\Program Files\Docker\Docker\resources\bin;C:\ProgramData\DockerDesktop\version-bin;C:\Users\yacha\scoop\apps\openjdk\current\bin;C:\Users\yacha\scoop\apps\maven\current\bin;C:\Users\yacha\scoop\shims;C:\Users\yacha\work\Panoptic\apache-maven-3.8.2;C:\Program Files\JetBrains\IntelliJ IDEA Community Edition 2021.2.1\bin;C:\Users\yacha\AppData\Local\Programs\Microsoft VS Code\bin;."/>
    <property name="java.vm.info" value="mixed mode"/>
    <property name="java.vendor" value="Oracle Corporation"/>
    <property name="java.vm.version" value="16.0.2+7-67"/>
    <property name="sun.io.unicode.encoding" value="UnicodeLittle"/>
    <property name="java.class.version" value="60.0"/>
  </properties>
  <testcase name="shouldAnswerWithTrue" classname="com.udacity.catpoint.AppTest" time="0.015"/>
</testsuite>